c:\users\rinaldy\desktop\projektgebaeude-team-2\software\gebaeudemanagement\server\x64\debug\vc142.pdb
c:\users\rinaldy\desktop\projektgebaeude-team-2\software\gebaeudemanagement\server\x64\debug\vc142.idb
c:\users\rinaldy\desktop\projektgebaeude-team-2\software\gebaeudemanagement\server\x64\debug\unittest.obj
c:\users\rinaldy\desktop\projektgebaeude-team-2\software\gebaeudemanagement\server\x64\debug\temperatursensor.obj
c:\users\rinaldy\desktop\projektgebaeude-team-2\software\gebaeudemanagement\server\x64\debug\sslserver.obj
c:\users\rinaldy\desktop\projektgebaeude-team-2\software\gebaeudemanagement\server\x64\debug\session.obj
c:\users\rinaldy\desktop\projektgebaeude-team-2\software\gebaeudemanagement\server\x64\debug\server.obj
c:\users\rinaldy\desktop\projektgebaeude-team-2\software\gebaeudemanagement\server\x64\debug\sensor.obj
c:\users\rinaldy\desktop\projektgebaeude-team-2\software\gebaeudemanagement\server\x64\debug\raum.obj
c:\users\rinaldy\desktop\projektgebaeude-team-2\software\gebaeudemanagement\server\x64\debug\main.obj
c:\users\rinaldy\desktop\projektgebaeude-team-2\software\gebaeudemanagement\server\x64\debug\lampe.obj
c:\users\rinaldy\desktop\projektgebaeude-team-2\software\gebaeudemanagement\server\x64\debug\kontaksensor.obj
c:\users\rinaldy\desktop\projektgebaeude-team-2\software\gebaeudemanagement\server\x64\debug\fenster.obj
c:\users\rinaldy\desktop\projektgebaeude-team-2\software\gebaeudemanagement\server\x64\debug\basicserver.obj
c:\users\rinaldy\desktop\projektgebaeude-team-2\software\gebaeudemanagement\server\x64\debug\aescryptor.obj
c:\users\rinaldy\desktop\projektgebaeude-team-2\software\gebaeudemanagement\server\x64\debug\actor.obj
c:\users\rinaldy\desktop\projektgebaeude-team-2\software\gebaeudemanagement\x64\debug\server.pdb
c:\users\rinaldy\desktop\projektgebaeude-team-2\software\gebaeudemanagement\server\x64\debug\server.tlog\cl.command.1.tlog
c:\users\rinaldy\desktop\projektgebaeude-team-2\software\gebaeudemanagement\server\x64\debug\server.tlog\cl.read.1.tlog
c:\users\rinaldy\desktop\projektgebaeude-team-2\software\gebaeudemanagement\server\x64\debug\server.tlog\cl.write.1.tlog
c:\users\rinaldy\desktop\projektgebaeude-team-2\software\gebaeudemanagement\server\x64\debug\server.tlog\link-cvtres.read.1.tlog
c:\users\rinaldy\desktop\projektgebaeude-team-2\software\gebaeudemanagement\server\x64\debug\server.tlog\link-cvtres.write.1.tlog
c:\users\rinaldy\desktop\projektgebaeude-team-2\software\gebaeudemanagement\server\x64\debug\server.tlog\link-rc.read.1.tlog
c:\users\rinaldy\desktop\projektgebaeude-team-2\software\gebaeudemanagement\server\x64\debug\server.tlog\link-rc.write.1.tlog
c:\users\rinaldy\desktop\projektgebaeude-team-2\software\gebaeudemanagement\server\x64\debug\server.tlog\link.13876-cvtres.read.1.tlog
c:\users\rinaldy\desktop\projektgebaeude-team-2\software\gebaeudemanagement\server\x64\debug\server.tlog\link.13876-cvtres.write.1.tlog
c:\users\rinaldy\desktop\projektgebaeude-team-2\software\gebaeudemanagement\server\x64\debug\server.tlog\link.13876-rc.read.1.tlog
c:\users\rinaldy\desktop\projektgebaeude-team-2\software\gebaeudemanagement\server\x64\debug\server.tlog\link.13876-rc.write.1.tlog
c:\users\rinaldy\desktop\projektgebaeude-team-2\software\gebaeudemanagement\server\x64\debug\server.tlog\link.13876.read.1.tlog
c:\users\rinaldy\desktop\projektgebaeude-team-2\software\gebaeudemanagement\server\x64\debug\server.tlog\link.13876.write.1.tlog
c:\users\rinaldy\desktop\projektgebaeude-team-2\software\gebaeudemanagement\server\x64\debug\server.tlog\link.command.1.tlog
c:\users\rinaldy\desktop\projektgebaeude-team-2\software\gebaeudemanagement\server\x64\debug\server.tlog\link.read.1.tlog
c:\users\rinaldy\desktop\projektgebaeude-team-2\software\gebaeudemanagement\server\x64\debug\server.tlog\link.write.1.tlog
